#! /usr/bin/vvp
:ivl_version "12.0 (stable)" "(v12_0-dirty)";
:ivl_delay_selection "TYPICAL";
:vpi_time_precision + 0;
:vpi_module "/usr/lib/ivl/system.vpi";
:vpi_module "/usr/lib/ivl/vhdl_sys.vpi";
:vpi_module "/usr/lib/ivl/vhdl_textio.vpi";
:vpi_module "/usr/lib/ivl/v2005_math.vpi";
:vpi_module "/usr/lib/ivl/va_math.vpi";
:vpi_module "/usr/lib/ivl/v2009.vpi";
S_0x564fa7b80b40 .scope package, "$unit" "$unit" 2 1;
 .timescale 0 0;
S_0x564fa7b80cd0 .scope module, "tb" "tb" 3 1;
 .timescale 0 0;
P_0x564fa7b83040 .param/l "WIDTH" 1 3 2, +C4<00000000000000000000000000001000>;
v0x564fa7bac8d0_0 .var "a_rst", 0 0;
v0x564fa7bac990_0 .var "clk", 0 0;
v0x564fa7baca30_0 .net "count", 7 0, v0x564fa7bac000_0;  1 drivers
v0x564fa7bacb00_0 .net "done", 0 0, v0x564fa7bac0e0_0;  1 drivers
v0x564fa7bacbd0_0 .var "reset", 0 0;
S_0x564fa7b97990 .scope module, "dut" "counter" 3 10, 4 2 0, S_0x564fa7b80cd0;
 .timescale 0 0;
    .port_info 0 /INPUT 1 "clk";
    .port_info 1 /INPUT 1 "reset";
    .port_info 2 /INPUT 1 "a_rst";
    .port_info 3 /OUTPUT 8 "count";
    .port_info 4 /OUTPUT 1 "done";
P_0x564fa7b82a90 .param/l "MY_PARAM" 1 4 14, +C4<00000000000000000000000000000000>;
P_0x564fa7b82ad0 .param/l "WIDTH" 0 4 3, +C4<00000000000000000000000000001000>;
L_0x7f945d4c8018 .functor BUFT 1, C4<00000001>, C4<0>, C4<0>, C4<0>;
v0x564fa7b97c10_0 .net/2u *"_ivl_0", 7 0, L_0x7f945d4c8018;  1 drivers
v0x564fa7babea0_0 .net "a_rst", 0 0, v0x564fa7bac8d0_0;  1 drivers
v0x564fa7babf60_0 .net "clk", 0 0, v0x564fa7bac990_0;  1 drivers
v0x564fa7bac000_0 .var "count", 7 0;
v0x564fa7bac0e0_0 .var "done", 0 0;
v0x564fa7bac1f0_0 .var "my_new_value", 7 0;
v0x564fa7bac2d0_0 .var "my_value", 7 0;
v0x564fa7bac3b0 .array "my_vector_flop", 1 0, 3 0;
v0x564fa7bac4d0_0 .net "next_count", 7 0, L_0x564fa7bacca0;  1 drivers
v0x564fa7bac5b0_0 .net "reset", 0 0, v0x564fa7bacbd0_0;  1 drivers
v0x564fa7bac670_0 .var "sum", 7 0;
v0x564fa7bac750_0 .var "test", 7 0;
v0x564fa7bac3b0_0 .array/port v0x564fa7bac3b0, 0;
E_0x564fa7b58d00 .event anyedge, v0x564fa7bac000_0, v0x564fa7bac3b0_0;
E_0x564fa7b92900 .event posedge, v0x564fa7babf60_0;
E_0x564fa7b92a90/0 .event negedge, v0x564fa7babea0_0;
E_0x564fa7b92a90/1 .event posedge, v0x564fa7babf60_0;
E_0x564fa7b92a90 .event/or E_0x564fa7b92a90/0, E_0x564fa7b92a90/1;
L_0x564fa7bacca0 .arith/sum 8, v0x564fa7bac000_0, L_0x7f945d4c8018;
    .scope S_0x564fa7b97990;
T_0 ;
    %wait E_0x564fa7b92a90;
    %load/vec4 v0x564fa7babea0_0;
    %inv;
    %flag_set/vec4 8;
    %jmp/0xz  T_0.0, 8;
    %pushi/vec4 0, 0, 8;
    %assign/vec4 v0x564fa7bac000_0, 0;
    %jmp T_0.1;
T_0.0 ;
    %load/vec4 v0x564fa7bac5b0_0;
    %flag_set/vec4 8;
    %jmp/0xz  T_0.2, 8;
    %pushi/vec4 0, 0, 8;
    %assign/vec4 v0x564fa7bac000_0, 0;
    %jmp T_0.3;
T_0.2 ;
    %load/vec4 v0x564fa7bac4d0_0;
    %assign/vec4 v0x564fa7bac000_0, 0;
T_0.3 ;
    %load/vec4 v0x564fa7bac000_0;
    %pad/u 32;
    %pushi/vec4 255, 0, 32;
    %cmp/e;
    %flag_get/vec4 4;
    %assign/vec4 v0x564fa7bac0e0_0, 0;
T_0.1 ;
    %jmp T_0;
    .thread T_0;
    .scope S_0x564fa7b97990;
T_1 ;
    %wait E_0x564fa7b92900;
    %load/vec4 v0x564fa7bac000_0;
    %muli 2, 0, 8;
    %pad/u 4;
    %ix/load 3, 0, 0;
    %flag_set/imm 4, 0;
    %ix/load 4, 0, 0; Constant delay
    %assign/vec4/a/d v0x564fa7bac3b0, 0, 4;
    %ix/load 4, 0, 0;
    %flag_set/imm 4, 0;
    %load/vec4a v0x564fa7bac3b0, 4;
    %ix/load 3, 1, 0;
    %flag_set/imm 4, 0;
    %ix/load 4, 0, 0; Constant delay
    %assign/vec4/a/d v0x564fa7bac3b0, 0, 4;
    %jmp T_1;
    .thread T_1;
    .scope S_0x564fa7b97990;
T_2 ;
Ewait_0 .event/or E_0x564fa7b58d00, E_0x0;
    %wait Ewait_0;
    %pushi/vec4 42, 0, 8;
    %load/vec4 v0x564fa7bac000_0;
    %add;
    %store/vec4 v0x564fa7bac2d0_0, 0, 8;
    %pushi/vec4 43, 0, 8;
    %load/vec4 v0x564fa7bac2d0_0;
    %add;
    %store/vec4 v0x564fa7bac2d0_0, 0, 8;
    %load/vec4 v0x564fa7bac000_0;
    %muli 101, 0, 8;
    %store/vec4 v0x564fa7bac1f0_0, 0, 8;
    %pushi/vec4 99, 0, 8;
    %load/vec4 v0x564fa7bac2d0_0;
    %add;
    %store/vec4 v0x564fa7bac670_0, 0, 8;
    %pushi/vec4 1, 0, 8;
    %store/vec4 v0x564fa7bac750_0, 0, 8;
    %ix/load 4, 0, 0;
    %flag_set/imm 4, 0;
    %load/vec4a v0x564fa7bac3b0, 4;
    %cmpi/ne 0, 0, 4;
    %jmp/0xz  T_2.0, 4;
    %load/vec4 v0x564fa7bac2d0_0;
    %load/vec4 v0x564fa7bac1f0_0;
    %sub;
    %store/vec4 v0x564fa7bac670_0, 0, 8;
    %jmp T_2.1;
T_2.0 ;
    %load/vec4 v0x564fa7bac000_0;
    %pad/u 32;
    %cmpi/e 36, 0, 32;
    %jmp/0xz  T_2.2, 4;
    %pushi/vec4 8, 0, 8;
    %store/vec4 v0x564fa7bac750_0, 0, 8;
    %jmp T_2.3;
T_2.2 ;
    %load/vec4 v0x564fa7bac2d0_0;
    %load/vec4 v0x564fa7bac1f0_0;
    %add;
    %store/vec4 v0x564fa7bac670_0, 0, 8;
    %pushi/vec4 42, 0, 8;
    %store/vec4 v0x564fa7bac750_0, 0, 8;
T_2.3 ;
T_2.1 ;
    %jmp T_2;
    .thread T_2, $push;
# The file index is used to find the file name in the following table.
:file_names 5;
    "N/A";
    "<interactive>";
    "-";
    "tb.sv";
    "../../test.v";
